<?xml version="1.0" encoding="UTF-8"?>
<!-- Generated by org.testng.reporters.JUnitReportReporter -->
<testsuite skipped="0" hostname="APPAN-PC" name="authentication.OAuth2_Lichess" tests="6" failures="0" timestamp="2021-07-10T00:53:04 IST" time="16.371" errors="0">
  <testcase name="getMyEmailAddress" time="10.706" classname="authentication.OAuth2_Lichess"/>
  <system-out/>
  <testcase name="getMyPreferences" time="0.986" classname="authentication.OAuth2_Lichess"/>
  <system-out/>
  <testcase name="getMyProfile" time="1.273" classname="authentication.OAuth2_Lichess"/>
  <system-out/>
  <testcase name="getRealTimeUserStatus" time="1.409" classname="authentication.OAuth2_Lichess"/>
  <system-out/>
  <testcase name="getMyKidModeStatus" time="0.970" classname="authentication.OAuth2_Lichess"/>
  <system-out/>
  <testcase name="setMyKidModeStatusTrue" time="1.027" classname="authentication.OAuth2_Lichess"/>
  <system-out/>
</testsuite> <!-- authentication.OAuth2_Lichess -->
