<?xml version="1.0" encoding="UTF-8"?>
<!-- Generated by org.testng.reporters.JUnitReportReporter -->
<testsuite skipped="0" hostname="APPAN-PC" name="nasaAPI.APOD" tests="2" failures="0" timestamp="2020-07-19T19:09:36 IST" time="13.731" errors="0">
  <testcase name="testAPODUsingQueryParams" time="2.339" classname="nasaAPI.APOD"/>
  <system-out/>
  <testcase name="testAPODUsingPathParams" time="11.392" classname="nasaAPI.APOD"/>
  <system-out/>
</testsuite> <!-- nasaAPI.APOD -->
