<?xml version="1.0" encoding="UTF-8"?>
<!-- Generated by org.testng.reporters.JUnitReportReporter -->
<testsuite skipped="0" hostname="APPAN-PC" name="authentication.OAuth2_AuthDemo" tests="1" failures="0" timestamp="2020-07-19T17:08:04 IST" time="14.047" errors="0">
  <testcase name="testChickensFeed" time="14.047" classname="authentication.OAuth2_AuthDemo"/>
  <system-out/>
</testsuite> <!-- authentication.OAuth2_AuthDemo -->
