<?xml version="1.0" encoding="UTF-8"?>
<!-- Generated by org.testng.reporters.JUnitReportReporter -->
<testsuite skipped="0" hostname="APPAN-PC" name="jsonParsing.ParseJsonResponse" tests="1" failures="0" timestamp="2020-07-19T14:18:47 IST" time="16.024" errors="0">
  <testcase name="testJsonParsing" time="16.024" classname="jsonParsing.ParseJsonResponse"/>
  <system-out/>
</testsuite> <!-- jsonParsing.ParseJsonResponse -->
